<?xml version="1.0" encoding="UTF-8"?>
<testsuite xmlns:xsi="http://www.w3.org/2001/XMLSchema-instance" xsi:noNamespaceSchemaLocation="https://maven.apache.org/surefire/maven-surefire-plugin/xsd/surefire-test-report-3.0.xsd" version="3.0" name="TestSuite" time="132.663" tests="1" errors="0" skipped="0" failures="1">
  <properties>
    <property name="java.specification.version" value="17"/>
    <property name="sun.jnu.encoding" value="UTF-8"/>
    <property name="java.class.path" value="/Users/ievgeniiagaidarenko/ENS/ENSelenium/target/test-classes:/Users/ievgeniiagaidarenko/ENS/ENSelenium/target/classes:/Users/ievgeniiagaidarenko/.m2/repository/junit/junit/4.12/junit-4.12.jar:/Users/ievgeniiagaidarenko/.m2/repository/org/hamcrest/hamcrest-core/1.3/hamcrest-core-1.3.jar:/Users/ievgeniiagaidarenko/.m2/repository/org/seleniumhq/selenium/selenium-java/3.141.59/selenium-java-3.141.59.jar:/Users/ievgeniiagaidarenko/.m2/repository/org/seleniumhq/selenium/selenium-api/3.141.59/selenium-api-3.141.59.jar:/Users/ievgeniiagaidarenko/.m2/repository/org/seleniumhq/selenium/selenium-chrome-driver/3.141.59/selenium-chrome-driver-3.141.59.jar:/Users/ievgeniiagaidarenko/.m2/repository/org/seleniumhq/selenium/selenium-edge-driver/3.141.59/selenium-edge-driver-3.141.59.jar:/Users/ievgeniiagaidarenko/.m2/repository/org/seleniumhq/selenium/selenium-ie-driver/3.141.59/selenium-ie-driver-3.141.59.jar:/Users/ievgeniiagaidarenko/.m2/repository/org/seleniumhq/selenium/selenium-opera-driver/3.141.59/selenium-opera-driver-3.141.59.jar:/Users/ievgeniiagaidarenko/.m2/repository/org/seleniumhq/selenium/selenium-remote-driver/3.141.59/selenium-remote-driver-3.141.59.jar:/Users/ievgeniiagaidarenko/.m2/repository/org/seleniumhq/selenium/selenium-safari-driver/3.141.59/selenium-safari-driver-3.141.59.jar:/Users/ievgeniiagaidarenko/.m2/repository/org/seleniumhq/selenium/selenium-support/3.141.59/selenium-support-3.141.59.jar:/Users/ievgeniiagaidarenko/.m2/repository/net/bytebuddy/byte-buddy/1.8.15/byte-buddy-1.8.15.jar:/Users/ievgeniiagaidarenko/.m2/repository/org/apache/commons/commons-exec/1.3/commons-exec-1.3.jar:/Users/ievgeniiagaidarenko/.m2/repository/com/google/guava/guava/25.0-jre/guava-25.0-jre.jar:/Users/ievgeniiagaidarenko/.m2/repository/com/google/code/findbugs/jsr305/1.3.9/jsr305-1.3.9.jar:/Users/ievgeniiagaidarenko/.m2/repository/org/checkerframework/checker-compat-qual/2.0.0/checker-compat-qual-2.0.0.jar:/Users/ievgeniiagaidarenko/.m2/repository/com/google/errorprone/error_prone_annotations/2.1.3/error_prone_annotations-2.1.3.jar:/Users/ievgeniiagaidarenko/.m2/repository/com/google/j2objc/j2objc-annotations/1.1/j2objc-annotations-1.1.jar:/Users/ievgeniiagaidarenko/.m2/repository/org/codehaus/mojo/animal-sniffer-annotations/1.14/animal-sniffer-annotations-1.14.jar:/Users/ievgeniiagaidarenko/.m2/repository/com/squareup/okhttp3/okhttp/3.11.0/okhttp-3.11.0.jar:/Users/ievgeniiagaidarenko/.m2/repository/com/squareup/okio/okio/1.14.0/okio-1.14.0.jar:/Users/ievgeniiagaidarenko/.m2/repository/org/apache/maven/plugins/maven-surefire-plugin/3.0.0-M4/maven-surefire-plugin-3.0.0-M4.jar:/Users/ievgeniiagaidarenko/.m2/repository/org/apache/maven/surefire/maven-surefire-common/3.0.0-M4/maven-surefire-common-3.0.0-M4.jar:/Users/ievgeniiagaidarenko/.m2/repository/org/apache/maven/surefire/surefire-api/3.0.0-M4/surefire-api-3.0.0-M4.jar:/Users/ievgeniiagaidarenko/.m2/repository/org/apache/maven/surefire/surefire-logger-api/3.0.0-M4/surefire-logger-api-3.0.0-M4.jar:/Users/ievgeniiagaidarenko/.m2/repository/org/apache/maven/surefire/surefire-extensions-api/3.0.0-M4/surefire-extensions-api-3.0.0-M4.jar:/Users/ievgeniiagaidarenko/.m2/repository/org/apache/maven/surefire/surefire-booter/3.0.0-M4/surefire-booter-3.0.0-M4.jar:/Users/ievgeniiagaidarenko/.m2/repository/org/apache/maven/maven-toolchain/3.0-alpha-2/maven-toolchain-3.0-alpha-2.jar:/Users/ievgeniiagaidarenko/.m2/repository/org/apache/maven/shared/maven-artifact-transfer/0.11.0/maven-artifact-transfer-0.11.0.jar:/Users/ievgeniiagaidarenko/.m2/repository/org/apache/maven/shared/maven-common-artifact-filters/3.0.1/maven-common-artifact-filters-3.0.1.jar:/Users/ievgeniiagaidarenko/.m2/repository/org/apache/maven/shared/maven-shared-utils/3.1.0/maven-shared-utils-3.1.0.jar:/Users/ievgeniiagaidarenko/.m2/repository/org/codehaus/plexus/plexus-java/1.0.3/plexus-java-1.0.3.jar:/Users/ievgeniiagaidarenko/.m2/repository/com/thoughtworks/qdox/qdox/2.0-M9/qdox-2.0-M9.jar:/Users/ievgeniiagaidarenko/.m2/repository/org/seleniumhq/selenium/selenium-firefox-driver/3.4.0/selenium-firefox-driver-3.4.0.jar:/Users/ievgeniiagaidarenko/.m2/repository/cglib/cglib-nodep/3.2.4/cglib-nodep-3.2.4.jar:/Users/ievgeniiagaidarenko/.m2/repository/commons-codec/commons-codec/1.10/commons-codec-1.10.jar:/Users/ievgeniiagaidarenko/.m2/repository/commons-logging/commons-logging/1.2/commons-logging-1.2.jar:/Users/ievgeniiagaidarenko/.m2/repository/com/google/code/gson/gson/2.8.0/gson-2.8.0.jar:/Users/ievgeniiagaidarenko/.m2/repository/org/apache/httpcomponents/httpclient/4.5.3/httpclient-4.5.3.jar:/Users/ievgeniiagaidarenko/.m2/repository/org/apache/httpcomponents/httpcore/4.4.6/httpcore-4.4.6.jar:/Users/ievgeniiagaidarenko/.m2/repository/net/java/dev/jna/jna/4.1.0/jna-4.1.0.jar:/Users/ievgeniiagaidarenko/.m2/repository/net/java/dev/jna/jna-platform/4.1.0/jna-platform-4.1.0.jar:/Users/ievgeniiagaidarenko/.m2/repository/joda-time/joda-time/2.9.9/joda-time-2.9.9.jar:/Users/ievgeniiagaidarenko/.m2/repository/com/fasterxml/jackson/core/jackson-databind/2.9.8/jackson-databind-2.9.8.jar:/Users/ievgeniiagaidarenko/.m2/repository/com/fasterxml/jackson/core/jackson-annotations/2.9.0/jackson-annotations-2.9.0.jar:/Users/ievgeniiagaidarenko/.m2/repository/com/fasterxml/jackson/core/jackson-core/2.9.8/jackson-core-2.9.8.jar:/Users/ievgeniiagaidarenko/.m2/repository/org/testng/testng/7.0.0/testng-7.0.0.jar:/Users/ievgeniiagaidarenko/.m2/repository/com/beust/jcommander/1.72/jcommander-1.72.jar:/Users/ievgeniiagaidarenko/.m2/repository/com/crossbrowsertesting/CBT_Helper/1.0.0/CBT_Helper-1.0.0.jar:/Users/ievgeniiagaidarenko/.m2/repository/org/json/json/20180130/json-20180130.jar:/Users/ievgeniiagaidarenko/.m2/repository/com/mashape/unirest/unirest-java/1.4.9/unirest-java-1.4.9.jar:/Users/ievgeniiagaidarenko/.m2/repository/org/apache/httpcomponents/httpasyncclient/4.1.1/httpasyncclient-4.1.1.jar:/Users/ievgeniiagaidarenko/.m2/repository/org/apache/httpcomponents/httpcore-nio/4.4.4/httpcore-nio-4.4.4.jar:/Users/ievgeniiagaidarenko/.m2/repository/org/apache/httpcomponents/httpmime/4.5.2/httpmime-4.5.2.jar:/Users/ievgeniiagaidarenko/.m2/repository/org/jacoco/jacoco-maven-plugin/0.8.5/jacoco-maven-plugin-0.8.5.jar:/Users/ievgeniiagaidarenko/.m2/repository/org/apache/maven/maven-plugin-api/3.0/maven-plugin-api-3.0.jar:/Users/ievgeniiagaidarenko/.m2/repository/org/apache/maven/maven-model/3.0/maven-model-3.0.jar:/Users/ievgeniiagaidarenko/.m2/repository/org/apache/maven/maven-artifact/3.0/maven-artifact-3.0.jar:/Users/ievgeniiagaidarenko/.m2/repository/org/sonatype/sisu/sisu-inject-plexus/1.4.2/sisu-inject-plexus-1.4.2.jar:/Users/ievgeniiagaidarenko/.m2/repository/org/sonatype/sisu/sisu-inject-bean/1.4.2/sisu-inject-bean-1.4.2.jar:/Users/ievgeniiagaidarenko/.m2/repository/org/sonatype/sisu/sisu-guice/2.1.7/sisu-guice-2.1.7-noaop.jar:/Users/ievgeniiagaidarenko/.m2/repository/org/apache/maven/maven-core/3.0/maven-core-3.0.jar:/Users/ievgeniiagaidarenko/.m2/repository/org/apache/maven/maven-settings/3.0/maven-settings-3.0.jar:/Users/ievgeniiagaidarenko/.m2/repository/org/apache/maven/maven-settings-builder/3.0/maven-settings-builder-3.0.jar:/Users/ievgeniiagaidarenko/.m2/repository/org/apache/maven/maven-repository-metadata/3.0/maven-repository-metadata-3.0.jar:/Users/ievgeniiagaidarenko/.m2/repository/org/apache/maven/maven-model-builder/3.0/maven-model-builder-3.0.jar:/Users/ievgeniiagaidarenko/.m2/repository/org/apache/maven/maven-aether-provider/3.0/maven-aether-provider-3.0.jar:/Users/ievgeniiagaidarenko/.m2/repository/org/sonatype/aether/aether-impl/1.7/aether-impl-1.7.jar:/Users/ievgeniiagaidarenko/.m2/repository/org/sonatype/aether/aether-spi/1.7/aether-spi-1.7.jar:/Users/ievgeniiagaidarenko/.m2/repository/org/sonatype/aether/aether-api/1.7/aether-api-1.7.jar:/Users/ievgeniiagaidarenko/.m2/repository/org/sonatype/aether/aether-util/1.7/aether-util-1.7.jar:/Users/ievgeniiagaidarenko/.m2/repository/org/codehaus/plexus/plexus-interpolation/1.14/plexus-interpolation-1.14.jar:/Users/ievgeniiagaidarenko/.m2/repository/org/codehaus/plexus/plexus-classworlds/2.2.3/plexus-classworlds-2.2.3.jar:/Users/ievgeniiagaidarenko/.m2/repository/org/codehaus/plexus/plexus-component-annotations/1.5.5/plexus-component-annotations-1.5.5.jar:/Users/ievgeniiagaidarenko/.m2/repository/org/sonatype/plexus/plexus-sec-dispatcher/1.3/plexus-sec-dispatcher-1.3.jar:/Users/ievgeniiagaidarenko/.m2/repository/org/sonatype/plexus/plexus-cipher/1.4/plexus-cipher-1.4.jar:/Users/ievgeniiagaidarenko/.m2/repository/org/codehaus/plexus/plexus-utils/3.0.22/plexus-utils-3.0.22.jar:/Users/ievgeniiagaidarenko/.m2/repository/org/apache/maven/shared/file-management/1.2.1/file-management-1.2.1.jar:/Users/ievgeniiagaidarenko/.m2/repository/org/apache/maven/shared/maven-shared-io/1.1/maven-shared-io-1.1.jar:/Users/ievgeniiagaidarenko/.m2/repository/org/apache/maven/maven-artifact-manager/2.0.2/maven-artifact-manager-2.0.2.jar:/Users/ievgeniiagaidarenko/.m2/repository/org/apache/maven/wagon/wagon-provider-api/1.0-alpha-6/wagon-provider-api-1.0-alpha-6.jar:/Users/ievgeniiagaidarenko/.m2/repository/org/codehaus/plexus/plexus-container-default/1.0-alpha-9/plexus-container-default-1.0-alpha-9.jar:/Users/ievgeniiagaidarenko/.m2/repository/classworlds/classworlds/1.1-alpha-2/classworlds-1.1-alpha-2.jar:/Users/ievgeniiagaidarenko/.m2/repository/org/apache/maven/reporting/maven-reporting-api/3.0/maven-reporting-api-3.0.jar:/Users/ievgeniiagaidarenko/.m2/repository/org/apache/maven/doxia/doxia-sink-api/1.0/doxia-sink-api-1.0.jar:/Users/ievgeniiagaidarenko/.m2/repository/org/apache/maven/reporting/maven-reporting-impl/2.1/maven-reporting-impl-2.1.jar:/Users/ievgeniiagaidarenko/.m2/repository/org/apache/maven/maven-project/2.0.10/maven-project-2.0.10.jar:/Users/ievgeniiagaidarenko/.m2/repository/org/apache/maven/maven-profile/2.0.10/maven-profile-2.0.10.jar:/Users/ievgeniiagaidarenko/.m2/repository/org/apache/maven/maven-plugin-registry/2.0.10/maven-plugin-registry-2.0.10.jar:/Users/ievgeniiagaidarenko/.m2/repository/org/apache/maven/doxia/doxia-core/1.1.2/doxia-core-1.1.2.jar:/Users/ievgeniiagaidarenko/.m2/repository/org/apache/maven/doxia/doxia-logging-api/1.1.2/doxia-logging-api-1.1.2.jar:/Users/ievgeniiagaidarenko/.m2/repository/xerces/xercesImpl/2.8.1/xercesImpl-2.8.1.jar:/Users/ievgeniiagaidarenko/.m2/repository/commons-lang/commons-lang/2.4/commons-lang-2.4.jar:/Users/ievgeniiagaidarenko/.m2/repository/commons-httpclient/commons-httpclient/3.1/commons-httpclient-3.1.jar:/Users/ievgeniiagaidarenko/.m2/repository/org/apache/maven/doxia/doxia-site-renderer/1.1.2/doxia-site-renderer-1.1.2.jar:/Users/ievgeniiagaidarenko/.m2/repository/org/apache/maven/doxia/doxia-decoration-model/1.1.2/doxia-decoration-model-1.1.2.jar:/Users/ievgeniiagaidarenko/.m2/repository/org/apache/maven/doxia/doxia-module-xhtml/1.1.2/doxia-module-xhtml-1.1.2.jar:/Users/ievgeniiagaidarenko/.m2/repository/org/apache/maven/doxia/doxia-module-fml/1.1.2/doxia-module-fml-1.1.2.jar:/Users/ievgeniiagaidarenko/.m2/repository/org/codehaus/plexus/plexus-i18n/1.0-beta-7/plexus-i18n-1.0-beta-7.jar:/Users/ievgeniiagaidarenko/.m2/repository/org/codehaus/plexus/plexus-velocity/1.1.7/plexus-velocity-1.1.7.jar:/Users/ievgeniiagaidarenko/.m2/repository/org/apache/velocity/velocity/1.5/velocity-1.5.jar:/Users/ievgeniiagaidarenko/.m2/repository/commons-collections/commons-collections/3.2/commons-collections-3.2.jar:/Users/ievgeniiagaidarenko/.m2/repository/commons-validator/commons-validator/1.2.0/commons-validator-1.2.0.jar:/Users/ievgeniiagaidarenko/.m2/repository/commons-beanutils/commons-beanutils/1.7.0/commons-beanutils-1.7.0.jar:/Users/ievgeniiagaidarenko/.m2/repository/commons-digester/commons-digester/1.6/commons-digester-1.6.jar:/Users/ievgeniiagaidarenko/.m2/repository/oro/oro/2.0.8/oro-2.0.8.jar:/Users/ievgeniiagaidarenko/.m2/repository/xml-apis/xml-apis/1.0.b2/xml-apis-1.0.b2.jar:/Users/ievgeniiagaidarenko/.m2/repository/org/jacoco/org.jacoco.agent/0.8.5/org.jacoco.agent-0.8.5-runtime.jar:/Users/ievgeniiagaidarenko/.m2/repository/org/jacoco/org.jacoco.core/0.8.5/org.jacoco.core-0.8.5.jar:/Users/ievgeniiagaidarenko/.m2/repository/org/ow2/asm/asm/7.2/asm-7.2.jar:/Users/ievgeniiagaidarenko/.m2/repository/org/ow2/asm/asm-commons/7.2/asm-commons-7.2.jar:/Users/ievgeniiagaidarenko/.m2/repository/org/ow2/asm/asm-analysis/7.2/asm-analysis-7.2.jar:/Users/ievgeniiagaidarenko/.m2/repository/org/ow2/asm/asm-tree/7.2/asm-tree-7.2.jar:/Users/ievgeniiagaidarenko/.m2/repository/org/jacoco/org.jacoco.report/0.8.5/org.jacoco.report-0.8.5.jar:/Users/ievgeniiagaidarenko/.m2/repository/ru/yandex/qatools/ashot/ashot/1.5.4/ashot-1.5.4.jar:/Users/ievgeniiagaidarenko/.m2/repository/commons-io/commons-io/2.5/commons-io-2.5.jar:"/>
    <property name="java.vm.vendor" value="Homebrew"/>
    <property name="sun.arch.data.model" value="64"/>
    <property name="java.vendor.url" value="https://github.com/Homebrew/homebrew-core/issues"/>
    <property name="suiteXmlFile" value="paypal.xml"/>
    <property name="os.name" value="Mac OS X"/>
    <property name="java.vm.specification.version" value="17"/>
    <property name="sun.java.launcher" value="SUN_STANDARD"/>
    <property name="user.country" value="US"/>
    <property name="sun.boot.library.path" value="/opt/homebrew/Cellar/openjdk/16.0.1/libexec/openjdk.jdk/Contents/Home/lib"/>
    <property name="sun.java.command" value="/Users/ievgeniiagaidarenko/ENS/ENSelenium/target/surefire/surefirebooter13139875428898112385.jar /Users/ievgeniiagaidarenko/ENS/ENSelenium/target/surefire 2022-03-03T17-20-31_345-jvmRun1 surefire12653796061868484339tmp surefire_016701835292337082304tmp"/>
    <property name="http.nonProxyHosts" value="local|*.local|169.254/16|*.169.254/16"/>
    <property name="jdk.debug" value="release"/>
    <property name="surefire.test.class.path" value="/Users/ievgeniiagaidarenko/ENS/ENSelenium/target/test-classes:/Users/ievgeniiagaidarenko/ENS/ENSelenium/target/classes:/Users/ievgeniiagaidarenko/.m2/repository/junit/junit/4.12/junit-4.12.jar:/Users/ievgeniiagaidarenko/.m2/repository/org/hamcrest/hamcrest-core/1.3/hamcrest-core-1.3.jar:/Users/ievgeniiagaidarenko/.m2/repository/org/seleniumhq/selenium/selenium-java/3.141.59/selenium-java-3.141.59.jar:/Users/ievgeniiagaidarenko/.m2/repository/org/seleniumhq/selenium/selenium-api/3.141.59/selenium-api-3.141.59.jar:/Users/ievgeniiagaidarenko/.m2/repository/org/seleniumhq/selenium/selenium-chrome-driver/3.141.59/selenium-chrome-driver-3.141.59.jar:/Users/ievgeniiagaidarenko/.m2/repository/org/seleniumhq/selenium/selenium-edge-driver/3.141.59/selenium-edge-driver-3.141.59.jar:/Users/ievgeniiagaidarenko/.m2/repository/org/seleniumhq/selenium/selenium-ie-driver/3.141.59/selenium-ie-driver-3.141.59.jar:/Users/ievgeniiagaidarenko/.m2/repository/org/seleniumhq/selenium/selenium-opera-driver/3.141.59/selenium-opera-driver-3.141.59.jar:/Users/ievgeniiagaidarenko/.m2/repository/org/seleniumhq/selenium/selenium-remote-driver/3.141.59/selenium-remote-driver-3.141.59.jar:/Users/ievgeniiagaidarenko/.m2/repository/org/seleniumhq/selenium/selenium-safari-driver/3.141.59/selenium-safari-driver-3.141.59.jar:/Users/ievgeniiagaidarenko/.m2/repository/org/seleniumhq/selenium/selenium-support/3.141.59/selenium-support-3.141.59.jar:/Users/ievgeniiagaidarenko/.m2/repository/net/bytebuddy/byte-buddy/1.8.15/byte-buddy-1.8.15.jar:/Users/ievgeniiagaidarenko/.m2/repository/org/apache/commons/commons-exec/1.3/commons-exec-1.3.jar:/Users/ievgeniiagaidarenko/.m2/repository/com/google/guava/guava/25.0-jre/guava-25.0-jre.jar:/Users/ievgeniiagaidarenko/.m2/repository/com/google/code/findbugs/jsr305/1.3.9/jsr305-1.3.9.jar:/Users/ievgeniiagaidarenko/.m2/repository/org/checkerframework/checker-compat-qual/2.0.0/checker-compat-qual-2.0.0.jar:/Users/ievgeniiagaidarenko/.m2/repository/com/google/errorprone/error_prone_annotations/2.1.3/error_prone_annotations-2.1.3.jar:/Users/ievgeniiagaidarenko/.m2/repository/com/google/j2objc/j2objc-annotations/1.1/j2objc-annotations-1.1.jar:/Users/ievgeniiagaidarenko/.m2/repository/org/codehaus/mojo/animal-sniffer-annotations/1.14/animal-sniffer-annotations-1.14.jar:/Users/ievgeniiagaidarenko/.m2/repository/com/squareup/okhttp3/okhttp/3.11.0/okhttp-3.11.0.jar:/Users/ievgeniiagaidarenko/.m2/repository/com/squareup/okio/okio/1.14.0/okio-1.14.0.jar:/Users/ievgeniiagaidarenko/.m2/repository/org/apache/maven/plugins/maven-surefire-plugin/3.0.0-M4/maven-surefire-plugin-3.0.0-M4.jar:/Users/ievgeniiagaidarenko/.m2/repository/org/apache/maven/surefire/maven-surefire-common/3.0.0-M4/maven-surefire-common-3.0.0-M4.jar:/Users/ievgeniiagaidarenko/.m2/repository/org/apache/maven/surefire/surefire-api/3.0.0-M4/surefire-api-3.0.0-M4.jar:/Users/ievgeniiagaidarenko/.m2/repository/org/apache/maven/surefire/surefire-logger-api/3.0.0-M4/surefire-logger-api-3.0.0-M4.jar:/Users/ievgeniiagaidarenko/.m2/repository/org/apache/maven/surefire/surefire-extensions-api/3.0.0-M4/surefire-extensions-api-3.0.0-M4.jar:/Users/ievgeniiagaidarenko/.m2/repository/org/apache/maven/surefire/surefire-booter/3.0.0-M4/surefire-booter-3.0.0-M4.jar:/Users/ievgeniiagaidarenko/.m2/repository/org/apache/maven/maven-toolchain/3.0-alpha-2/maven-toolchain-3.0-alpha-2.jar:/Users/ievgeniiagaidarenko/.m2/repository/org/apache/maven/shared/maven-artifact-transfer/0.11.0/maven-artifact-transfer-0.11.0.jar:/Users/ievgeniiagaidarenko/.m2/repository/org/apache/maven/shared/maven-common-artifact-filters/3.0.1/maven-common-artifact-filters-3.0.1.jar:/Users/ievgeniiagaidarenko/.m2/repository/org/apache/maven/shared/maven-shared-utils/3.1.0/maven-shared-utils-3.1.0.jar:/Users/ievgeniiagaidarenko/.m2/repository/org/codehaus/plexus/plexus-java/1.0.3/plexus-java-1.0.3.jar:/Users/ievgeniiagaidarenko/.m2/repository/com/thoughtworks/qdox/qdox/2.0-M9/qdox-2.0-M9.jar:/Users/ievgeniiagaidarenko/.m2/repository/org/seleniumhq/selenium/selenium-firefox-driver/3.4.0/selenium-firefox-driver-3.4.0.jar:/Users/ievgeniiagaidarenko/.m2/repository/cglib/cglib-nodep/3.2.4/cglib-nodep-3.2.4.jar:/Users/ievgeniiagaidarenko/.m2/repository/commons-codec/commons-codec/1.10/commons-codec-1.10.jar:/Users/ievgeniiagaidarenko/.m2/repository/commons-logging/commons-logging/1.2/commons-logging-1.2.jar:/Users/ievgeniiagaidarenko/.m2/repository/com/google/code/gson/gson/2.8.0/gson-2.8.0.jar:/Users/ievgeniiagaidarenko/.m2/repository/org/apache/httpcomponents/httpclient/4.5.3/httpclient-4.5.3.jar:/Users/ievgeniiagaidarenko/.m2/repository/org/apache/httpcomponents/httpcore/4.4.6/httpcore-4.4.6.jar:/Users/ievgeniiagaidarenko/.m2/repository/net/java/dev/jna/jna/4.1.0/jna-4.1.0.jar:/Users/ievgeniiagaidarenko/.m2/repository/net/java/dev/jna/jna-platform/4.1.0/jna-platform-4.1.0.jar:/Users/ievgeniiagaidarenko/.m2/repository/joda-time/joda-time/2.9.9/joda-time-2.9.9.jar:/Users/ievgeniiagaidarenko/.m2/repository/com/fasterxml/jackson/core/jackson-databind/2.9.8/jackson-databind-2.9.8.jar:/Users/ievgeniiagaidarenko/.m2/repository/com/fasterxml/jackson/core/jackson-annotations/2.9.0/jackson-annotations-2.9.0.jar:/Users/ievgeniiagaidarenko/.m2/repository/com/fasterxml/jackson/core/jackson-core/2.9.8/jackson-core-2.9.8.jar:/Users/ievgeniiagaidarenko/.m2/repository/org/testng/testng/7.0.0/testng-7.0.0.jar:/Users/ievgeniiagaidarenko/.m2/repository/com/beust/jcommander/1.72/jcommander-1.72.jar:/Users/ievgeniiagaidarenko/.m2/repository/com/crossbrowsertesting/CBT_Helper/1.0.0/CBT_Helper-1.0.0.jar:/Users/ievgeniiagaidarenko/.m2/repository/org/json/json/20180130/json-20180130.jar:/Users/ievgeniiagaidarenko/.m2/repository/com/mashape/unirest/unirest-java/1.4.9/unirest-java-1.4.9.jar:/Users/ievgeniiagaidarenko/.m2/repository/org/apache/httpcomponents/httpasyncclient/4.1.1/httpasyncclient-4.1.1.jar:/Users/ievgeniiagaidarenko/.m2/repository/org/apache/httpcomponents/httpcore-nio/4.4.4/httpcore-nio-4.4.4.jar:/Users/ievgeniiagaidarenko/.m2/repository/org/apache/httpcomponents/httpmime/4.5.2/httpmime-4.5.2.jar:/Users/ievgeniiagaidarenko/.m2/repository/org/jacoco/jacoco-maven-plugin/0.8.5/jacoco-maven-plugin-0.8.5.jar:/Users/ievgeniiagaidarenko/.m2/repository/org/apache/maven/maven-plugin-api/3.0/maven-plugin-api-3.0.jar:/Users/ievgeniiagaidarenko/.m2/repository/org/apache/maven/maven-model/3.0/maven-model-3.0.jar:/Users/ievgeniiagaidarenko/.m2/repository/org/apache/maven/maven-artifact/3.0/maven-artifact-3.0.jar:/Users/ievgeniiagaidarenko/.m2/repository/org/sonatype/sisu/sisu-inject-plexus/1.4.2/sisu-inject-plexus-1.4.2.jar:/Users/ievgeniiagaidarenko/.m2/repository/org/sonatype/sisu/sisu-inject-bean/1.4.2/sisu-inject-bean-1.4.2.jar:/Users/ievgeniiagaidarenko/.m2/repository/org/sonatype/sisu/sisu-guice/2.1.7/sisu-guice-2.1.7-noaop.jar:/Users/ievgeniiagaidarenko/.m2/repository/org/apache/maven/maven-core/3.0/maven-core-3.0.jar:/Users/ievgeniiagaidarenko/.m2/repository/org/apache/maven/maven-settings/3.0/maven-settings-3.0.jar:/Users/ievgeniiagaidarenko/.m2/repository/org/apache/maven/maven-settings-builder/3.0/maven-settings-builder-3.0.jar:/Users/ievgeniiagaidarenko/.m2/repository/org/apache/maven/maven-repository-metadata/3.0/maven-repository-metadata-3.0.jar:/Users/ievgeniiagaidarenko/.m2/repository/org/apache/maven/maven-model-builder/3.0/maven-model-builder-3.0.jar:/Users/ievgeniiagaidarenko/.m2/repository/org/apache/maven/maven-aether-provider/3.0/maven-aether-provider-3.0.jar:/Users/ievgeniiagaidarenko/.m2/repository/org/sonatype/aether/aether-impl/1.7/aether-impl-1.7.jar:/Users/ievgeniiagaidarenko/.m2/repository/org/sonatype/aether/aether-spi/1.7/aether-spi-1.7.jar:/Users/ievgeniiagaidarenko/.m2/repository/org/sonatype/aether/aether-api/1.7/aether-api-1.7.jar:/Users/ievgeniiagaidarenko/.m2/repository/org/sonatype/aether/aether-util/1.7/aether-util-1.7.jar:/Users/ievgeniiagaidarenko/.m2/repository/org/codehaus/plexus/plexus-interpolation/1.14/plexus-interpolation-1.14.jar:/Users/ievgeniiagaidarenko/.m2/repository/org/codehaus/plexus/plexus-classworlds/2.2.3/plexus-classworlds-2.2.3.jar:/Users/ievgeniiagaidarenko/.m2/repository/org/codehaus/plexus/plexus-component-annotations/1.5.5/plexus-component-annotations-1.5.5.jar:/Users/ievgeniiagaidarenko/.m2/repository/org/sonatype/plexus/plexus-sec-dispatcher/1.3/plexus-sec-dispatcher-1.3.jar:/Users/ievgeniiagaidarenko/.m2/repository/org/sonatype/plexus/plexus-cipher/1.4/plexus-cipher-1.4.jar:/Users/ievgeniiagaidarenko/.m2/repository/org/codehaus/plexus/plexus-utils/3.0.22/plexus-utils-3.0.22.jar:/Users/ievgeniiagaidarenko/.m2/repository/org/apache/maven/shared/file-management/1.2.1/file-management-1.2.1.jar:/Users/ievgeniiagaidarenko/.m2/repository/org/apache/maven/shared/maven-shared-io/1.1/maven-shared-io-1.1.jar:/Users/ievgeniiagaidarenko/.m2/repository/org/apache/maven/maven-artifact-manager/2.0.2/maven-artifact-manager-2.0.2.jar:/Users/ievgeniiagaidarenko/.m2/repository/org/apache/maven/wagon/wagon-provider-api/1.0-alpha-6/wagon-provider-api-1.0-alpha-6.jar:/Users/ievgeniiagaidarenko/.m2/repository/org/codehaus/plexus/plexus-container-default/1.0-alpha-9/plexus-container-default-1.0-alpha-9.jar:/Users/ievgeniiagaidarenko/.m2/repository/classworlds/classworlds/1.1-alpha-2/classworlds-1.1-alpha-2.jar:/Users/ievgeniiagaidarenko/.m2/repository/org/apache/maven/reporting/maven-reporting-api/3.0/maven-reporting-api-3.0.jar:/Users/ievgeniiagaidarenko/.m2/repository/org/apache/maven/doxia/doxia-sink-api/1.0/doxia-sink-api-1.0.jar:/Users/ievgeniiagaidarenko/.m2/repository/org/apache/maven/reporting/maven-reporting-impl/2.1/maven-reporting-impl-2.1.jar:/Users/ievgeniiagaidarenko/.m2/repository/org/apache/maven/maven-project/2.0.10/maven-project-2.0.10.jar:/Users/ievgeniiagaidarenko/.m2/repository/org/apache/maven/maven-profile/2.0.10/maven-profile-2.0.10.jar:/Users/ievgeniiagaidarenko/.m2/repository/org/apache/maven/maven-plugin-registry/2.0.10/maven-plugin-registry-2.0.10.jar:/Users/ievgeniiagaidarenko/.m2/repository/org/apache/maven/doxia/doxia-core/1.1.2/doxia-core-1.1.2.jar:/Users/ievgeniiagaidarenko/.m2/repository/org/apache/maven/doxia/doxia-logging-api/1.1.2/doxia-logging-api-1.1.2.jar:/Users/ievgeniiagaidarenko/.m2/repository/xerces/xercesImpl/2.8.1/xercesImpl-2.8.1.jar:/Users/ievgeniiagaidarenko/.m2/repository/commons-lang/commons-lang/2.4/commons-lang-2.4.jar:/Users/ievgeniiagaidarenko/.m2/repository/commons-httpclient/commons-httpclient/3.1/commons-httpclient-3.1.jar:/Users/ievgeniiagaidarenko/.m2/repository/org/apache/maven/doxia/doxia-site-renderer/1.1.2/doxia-site-renderer-1.1.2.jar:/Users/ievgeniiagaidarenko/.m2/repository/org/apache/maven/doxia/doxia-decoration-model/1.1.2/doxia-decoration-model-1.1.2.jar:/Users/ievgeniiagaidarenko/.m2/repository/org/apache/maven/doxia/doxia-module-xhtml/1.1.2/doxia-module-xhtml-1.1.2.jar:/Users/ievgeniiagaidarenko/.m2/repository/org/apache/maven/doxia/doxia-module-fml/1.1.2/doxia-module-fml-1.1.2.jar:/Users/ievgeniiagaidarenko/.m2/repository/org/codehaus/plexus/plexus-i18n/1.0-beta-7/plexus-i18n-1.0-beta-7.jar:/Users/ievgeniiagaidarenko/.m2/repository/org/codehaus/plexus/plexus-velocity/1.1.7/plexus-velocity-1.1.7.jar:/Users/ievgeniiagaidarenko/.m2/repository/org/apache/velocity/velocity/1.5/velocity-1.5.jar:/Users/ievgeniiagaidarenko/.m2/repository/commons-collections/commons-collections/3.2/commons-collections-3.2.jar:/Users/ievgeniiagaidarenko/.m2/repository/commons-validator/commons-validator/1.2.0/commons-validator-1.2.0.jar:/Users/ievgeniiagaidarenko/.m2/repository/commons-beanutils/commons-beanutils/1.7.0/commons-beanutils-1.7.0.jar:/Users/ievgeniiagaidarenko/.m2/repository/commons-digester/commons-digester/1.6/commons-digester-1.6.jar:/Users/ievgeniiagaidarenko/.m2/repository/oro/oro/2.0.8/oro-2.0.8.jar:/Users/ievgeniiagaidarenko/.m2/repository/xml-apis/xml-apis/1.0.b2/xml-apis-1.0.b2.jar:/Users/ievgeniiagaidarenko/.m2/repository/org/jacoco/org.jacoco.agent/0.8.5/org.jacoco.agent-0.8.5-runtime.jar:/Users/ievgeniiagaidarenko/.m2/repository/org/jacoco/org.jacoco.core/0.8.5/org.jacoco.core-0.8.5.jar:/Users/ievgeniiagaidarenko/.m2/repository/org/ow2/asm/asm/7.2/asm-7.2.jar:/Users/ievgeniiagaidarenko/.m2/repository/org/ow2/asm/asm-commons/7.2/asm-commons-7.2.jar:/Users/ievgeniiagaidarenko/.m2/repository/org/ow2/asm/asm-analysis/7.2/asm-analysis-7.2.jar:/Users/ievgeniiagaidarenko/.m2/repository/org/ow2/asm/asm-tree/7.2/asm-tree-7.2.jar:/Users/ievgeniiagaidarenko/.m2/repository/org/jacoco/org.jacoco.report/0.8.5/org.jacoco.report-0.8.5.jar:/Users/ievgeniiagaidarenko/.m2/repository/ru/yandex/qatools/ashot/ashot/1.5.4/ashot-1.5.4.jar:/Users/ievgeniiagaidarenko/.m2/repository/commons-io/commons-io/2.5/commons-io-2.5.jar:"/>
    <property name="sun.cpu.endian" value="little"/>
    <property name="user.home" value="/Users/ievgeniiagaidarenko"/>
    <property name="user.language" value="en"/>
    <property name="java.specification.vendor" value="Oracle Corporation"/>
    <property name="java.version.date" value="2021-09-14"/>
    <property name="java.home" value="/opt/homebrew/Cellar/openjdk/16.0.1/libexec/openjdk.jdk/Contents/Home"/>
    <property name="file.separator" value="/"/>
    <property name="basedir" value="/Users/ievgeniiagaidarenko/ENS/ENSelenium"/>
    <property name="java.vm.compressedOopsMode" value="Zero based"/>
    <property name="line.separator" value="&#10;"/>
    <property name="java.vm.specification.vendor" value="Oracle Corporation"/>
    <property name="java.specification.name" value="Java Platform API Specification"/>
    <property name="surefire.real.class.path" value="/Users/ievgeniiagaidarenko/ENS/ENSelenium/target/surefire/surefirebooter13139875428898112385.jar"/>
    <property name="sun.management.compiler" value="HotSpot 64-Bit Tiered Compilers"/>
    <property name="ftp.nonProxyHosts" value="local|*.local|169.254/16|*.169.254/16"/>
    <property name="java.runtime.version" value="17+0"/>
    <property name="user.name" value="ievgeniiagaidarenko"/>
    <property name="path.separator" value=":"/>
    <property name="os.version" value="12.2.1"/>
    <property name="java.runtime.name" value="OpenJDK Runtime Environment"/>
    <property name="file.encoding" value="UTF-8"/>
    <property name="browser" value="chrome"/>
    <property name="java.vm.name" value="OpenJDK 64-Bit Server VM"/>
    <property name="java.vendor.version" value="Homebrew"/>
    <property name="localRepository" value="/Users/ievgeniiagaidarenko/.m2/repository"/>
    <property name="java.vendor.url.bug" value="https://github.com/Homebrew/homebrew-core/issues"/>
    <property name="java.io.tmpdir" value="/var/folders/fx/6zl54gyd2qd9tvdckkyjg4wc0000gn/T/"/>
    <property name="java.version" value="17"/>
    <property name="user.dir" value="/Users/ievgeniiagaidarenko/ENS/ENSelenium"/>
    <property name="os.arch" value="aarch64"/>
    <property name="java.vm.specification.name" value="Java Virtual Machine Specification"/>
    <property name="surefire" value="true"/>
    <property name="native.encoding" value="UTF-8"/>
    <property name="java.library.path" value="/Users/ievgeniiagaidarenko/Library/Java/Extensions:/Library/Java/Extensions:/Network/Library/Java/Extensions:/System/Library/Java/Extensions:/usr/lib/java:."/>
    <property name="java.vm.info" value="mixed mode"/>
    <property name="java.vendor" value="Homebrew"/>
    <property name="java.vm.version" value="17+0"/>
    <property name="sun.io.unicode.encoding" value="UnicodeBig"/>
    <property name="socksNonProxyHosts" value="local|*.local|169.254/16|*.169.254/16"/>
    <property name="java.class.version" value="61.0"/>
  </properties>
  <testcase name="paypalCardinalComSingle3D" classname="com.fnoor.FundraisingTest.PAYPAL" time="128.716">
    <failure message="Expected condition failed: waiting for frame to be available: Cardinal-CCA-IFrame (tried for 30 second(s) with 500 milliseconds interval)&#10;Build info: version: &apos;3.141.59&apos;, revision: &apos;e82be7d358&apos;, time: &apos;2018-11-14T08:17:03&apos;&#10;System info: host: &apos;ip-192-168-4-165.us-east-2.compute.internal&apos;, ip: &apos;fe80:0:0:0:1c9e:ea31:5d7c:f2c0%en0&apos;, os.name: &apos;Mac OS X&apos;, os.arch: &apos;aarch64&apos;, os.version: &apos;12.2.1&apos;, java.version: &apos;17&apos;&#10;Driver info: org.openqa.selenium.chrome.ChromeDriver&#10;Capabilities {acceptInsecureCerts: false, browserName: chrome, browserVersion: 98.0.4758.109, chrome: {chromedriverVersion: 97.0.4692.71 (adefa7837d02a..., userDataDir: /var/folders/fx/6zl54gyd2qd...}, goog:chromeOptions: {debuggerAddress: localhost:52862}, javascriptEnabled: true, networkConnectionEnabled: false, pageLoadStrategy: normal, platform: MAC, platformName: MAC, proxy: Proxy(), setWindowRect: true, strictFileInteractability: false, timeouts: {implicit: 0, pageLoad: 300000, script: 30000}, unhandledPromptBehavior: dismiss and notify, webauthn:extension:credBlob: true, webauthn:extension:largeBlob: true, webauthn:virtualAuthenticators: true}&#10;Session ID: 04e1d1f23d5329e16c46a66010854e55" type="org.openqa.selenium.TimeoutException">org.openqa.selenium.TimeoutException: 
Expected condition failed: waiting for frame to be available: Cardinal-CCA-IFrame (tried for 30 second(s) with 500 milliseconds interval)
Build info: version: '3.141.59', revision: 'e82be7d358', time: '2018-11-14T08:17:03'
System info: host: 'ip-192-168-4-165.us-east-2.compute.internal', ip: 'fe80:0:0:0:1c9e:ea31:5d7c:f2c0%en0', os.name: 'Mac OS X', os.arch: 'aarch64', os.version: '12.2.1', java.version: '17'
Driver info: org.openqa.selenium.chrome.ChromeDriver
Capabilities {acceptInsecureCerts: false, browserName: chrome, browserVersion: 98.0.4758.109, chrome: {chromedriverVersion: 97.0.4692.71 (adefa7837d02a..., userDataDir: /var/folders/fx/6zl54gyd2qd...}, goog:chromeOptions: {debuggerAddress: localhost:52862}, javascriptEnabled: true, networkConnectionEnabled: false, pageLoadStrategy: normal, platform: MAC, platformName: MAC, proxy: Proxy(), setWindowRect: true, strictFileInteractability: false, timeouts: {implicit: 0, pageLoad: 300000, script: 30000}, unhandledPromptBehavior: dismiss and notify, webauthn:extension:credBlob: true, webauthn:extension:largeBlob: true, webauthn:virtualAuthenticators: true}
Session ID: 04e1d1f23d5329e16c46a66010854e55
	at com.fnoor.FundraisingTest.PAYPAL.paypalCardinalComSingle3D(PAYPAL.java:367)
</failure>
    <system-out><![CDATA[RESPONSE as String: {"expires":3600000,"ens-auth-token":"03b164a6-8ef4-4ab9-985a-6692ca7565f8"}
ens-auth-token: 03b164a6-8ef4-4ab9-985a-6692ca7565f8
]]></system-out>
    <system-err><![CDATA[Starting ChromeDriver 97.0.4692.71 (adefa7837d02a07a604c1e6eff0b3a09422ab88d-refs/branch-heads/4692@{#1247}) on port 35493
Only local connections are allowed.
Please see https://chromedriver.chromium.org/security-considerations for suggestions on keeping ChromeDriver safe.
ChromeDriver was started successfully.
[1646346032.171][WARNING]: Deprecated chrome option is ignored: useAutomationExtension
[1646346032.172][WARNING]: Deprecated chrome option is ignored: useAutomationExtension
[1646346034.535][WARNING]: This version of ChromeDriver has not been tested with Chrome version 98.
Mar 03, 2022 5:20:35 PM org.openqa.selenium.remote.ProtocolHandshake createSession
INFO: Detected dialect: W3C
Mar 03, 2022 5:20:36 PM org.apache.http.client.protocol.ResponseProcessCookies processCookies
WARNING: Invalid cookie header: "Set-Cookie: AWSALBTG=KGXd5+R681lSWULG73O3xab0xIWYc9PISwxj84Uqja5MQdghNNr9d8HXGwhLQ6ou0PaS8CurMW+Kbybn+eNMJjKk2B0o2ZJ/67mRehwccHZLIHsiojaNbtr5YOlmmL0dhyBFrCAWxkFU8QyLbtdFbyM0uhnZCCsRXS+N8NO1mhuM; Expires=Thu, 10 Mar 2022 22:20:35 GMT; Path=/". Invalid 'expires' attribute: Thu, 10 Mar 2022 22:20:35 GMT
Mar 03, 2022 5:20:36 PM org.apache.http.client.protocol.ResponseProcessCookies processCookies
WARNING: Invalid cookie header: "Set-Cookie: AWSALBTGCORS=KGXd5+R681lSWULG73O3xab0xIWYc9PISwxj84Uqja5MQdghNNr9d8HXGwhLQ6ou0PaS8CurMW+Kbybn+eNMJjKk2B0o2ZJ/67mRehwccHZLIHsiojaNbtr5YOlmmL0dhyBFrCAWxkFU8QyLbtdFbyM0uhnZCCsRXS+N8NO1mhuM; Expires=Thu, 10 Mar 2022 22:20:35 GMT; Path=/; SameSite=None; Secure". Invalid 'expires' attribute: Thu, 10 Mar 2022 22:20:35 GMT
]]></system-err>
  </testcase>
</testsuite>